# JRE version: OpenJDK Runtime Environment Temurin-21.0.10+7 (21.0.10+7) (build 21.0.10+7-LTS)
# Java VM: OpenJDK 64-Bit Server VM Temurin-21.0.10+7 (21.0.10+7-LTS, mixed mode, sharing, tiered, compressed oops, compressed class ptrs, parallel gc, windows-amd64)
GC Precious Log:
 CardTable entry size: 512
 CPUs: 8 total, 8 available
 Memory: 6081M
 Large Page Support: Disabled
 NUMA Support: Disabled
 Compressed Oops: Enabled (32-bit)
 Alignments: Space 512K, Generation 512K, Heap 2M
 Heap Min Capacity: 100M
 Heap Initial Capacity: 100M
 Heap Max Capacity: 2G
 Pre-touch: Disabled
 Parallel Workers: 8
Heap:
 PSYoungGen      total 5632K, used 5135K [0x00000000d5580000, 0x00000000d5d80000, 0x0000000100000000)
  eden space 5120K, 98% used [0x00000000d5580000,0x00000000d5a6bf68,0x00000000d5a80000)
  from space 512K, 18% used [0x00000000d5d00000,0x00000000d5d18000,0x00000000d5d80000)
  to   space 512K, 0% used [0x00000000d5c80000,0x00000000d5c80000,0x00000000d5d00000)
 ParOldGen       total 731648K, used 174123K [0x0000000080000000, 0x00000000aca80000, 0x00000000d5580000)
  object space 731648K, 23% used [0x0000000080000000,0x000000008aa0acc8,0x00000000aca80000)
 Metaspace       used 83387K, committed 85120K, reserved 1179648K
  class space    used 8536K, committed 9344K, reserved 1048576K
GC Heap History (20 events):
Event: 2292.568 GC heap before
{Heap before GC invocations=1930 (full 5):
 PSYoungGen      total 5120K, used 5010K [0x00000000d5580000, 0x00000000d5b80000, 0x0000000100000000)
  eden space 4096K, 100% used [0x00000000d5580000,0x00000000d5980000,0x00000000d5980000)
  from space 1024K, 89% used [0x00000000d5a80000,0x00000000d5b64ab8,0x00000000d5b80000)
  to   space 1024K, 0% used [0x00000000d5980000,0x00000000d5980000,0x00000000d5a80000)
 ParOldGen       total 731648K, used 167486K [0x0000000080000000, 0x00000000aca80000, 0x00000000d5580000)
  object space 731648K, 22% used [0x0000000080000000,0x000000008a38f870,0x00000000aca80000)
 Metaspace       used 83311K, committed 85120K, reserved 1179648K
  class space    used 8533K, committed 9344K, reserved 1048576K
}
Event: 2292.576 GC heap after
{Heap after GC invocations=1930 (full 5):
 PSYoungGen      total 5120K, used 1024K [0x00000000d5580000, 0x00000000d5f80000, 0x0000000100000000)
  eden space 4096K, 0% used [0x00000000d5580000,0x00000000d5580000,0x00000000d5980000)
  from space 1024K, 100% used [0x00000000d5980000,0x00000000d5a80000,0x00000000d5a80000)
  to   space 2560K, 0% used [0x00000000d5d00000,0x00000000d5d00000,0x00000000d5f80000)
 ParOldGen       total 731648K, used 168599K [0x0000000080000000, 0x00000000aca80000, 0x00000000d5580000)
  object space 731648K, 23% used [0x0000000080000000,0x000000008a4a5d78,0x00000000aca80000)
 Metaspace       used 83311K, committed 85120K, reserved 1179648K
  class space    used 8533K, committed 9344K, reserved 1048576K
}
Event: 2292.614 GC heap before
{Heap before GC invocations=1931 (full 5):
 PSYoungGen      total 5120K, used 5120K [0x00000000d5580000, 0x00000000d5f80000, 0x0000000100000000)
  eden space 4096K, 100% used [0x00000000d5580000,0x00000000d5980000,0x00000000d5980000)
  from space 1024K, 100% used [0x00000000d5980000,0x00000000d5a80000,0x00000000d5a80000)
  to   space 2560K, 0% used [0x00000000d5d00000,0x00000000d5d00000,0x00000000d5f80000)
 ParOldGen       total 731648K, used 168599K [0x0000000080000000, 0x00000000aca80000, 0x00000000d5580000)
  object space 731648K, 23% used [0x0000000080000000,0x000000008a4a5d78,0x00000000aca80000)
 Metaspace       used 83327K, committed 85120K, reserved 1179648K
  class space    used 8533K, committed 9344K, reserved 1048576K
}
Event: 2292.621 GC heap after
{Heap after GC invocations=1931 (full 5):
 PSYoungGen      total 6144K, used 1024K [0x00000000d5580000, 0x00000000d5e00000, 0x0000000100000000)
  eden space 5120K, 0% used [0x00000000d5580000,0x00000000d5580000,0x00000000d5a80000)
  from space 1024K, 100% used [0x00000000d5d00000,0x00000000d5e00000,0x00000000d5e00000)
  to   space 1536K, 0% used [0x00000000d5b00000,0x00000000d5b00000,0x00000000d5c80000)
 ParOldGen       total 731648K, used 169667K [0x0000000080000000, 0x00000000aca80000, 0x00000000d5580000)
  object space 731648K, 23% used [0x0000000080000000,0x000000008a5b0d88,0x00000000aca80000)
 Metaspace       used 83327K, committed 85120K, reserved 1179648K
  class space    used 8533K, committed 9344K, reserved 1048576K
}
Event: 2292.676 GC heap before
{Heap before GC invocations=1932 (full 5):
 PSYoungGen      total 6144K, used 6144K [0x00000000d5580000, 0x00000000d5e00000, 0x0000000100000000)
  eden space 5120K, 100% used [0x00000000d5580000,0x00000000d5a80000,0x00000000d5a80000)
  from space 1024K, 100% used [0x00000000d5d00000,0x00000000d5e00000,0x00000000d5e00000)
  to   space 1536K, 0% used [0x00000000d5b00000,0x00000000d5b00000,0x00000000d5c80000)
 ParOldGen       total 731648K, used 169667K [0x0000000080000000, 0x00000000aca80000, 0x00000000d5580000)
  object space 731648K, 23% used [0x0000000080000000,0x000000008a5b0d88,0x00000000aca80000)
 Metaspace       used 83328K, committed 85120K, reserved 1179648K
  class space    used 8533K, committed 9344K, reserved 1048576K
}
Event: 2292.684 GC heap after
{Heap after GC invocations=1932 (full 5):
 PSYoungGen      total 6656K, used 1522K [0x00000000d5580000, 0x00000000d6180000, 0x0000000100000000)
  eden space 5120K, 0% used [0x00000000d5580000,0x00000000d5580000,0x00000000d5a80000)
  from space 1536K, 99% used [0x00000000d5b00000,0x00000000d5c7cab8,0x00000000d5c80000)
  to   space 3584K, 0% used [0x00000000d5e00000,0x00000000d5e00000,0x00000000d6180000)
 ParOldGen       total 731648K, used 170918K [0x0000000080000000, 0x00000000aca80000, 0x00000000d5580000)
  object space 731648K, 23% used [0x0000000080000000,0x000000008a6e99b8,0x00000000aca80000)
 Metaspace       used 83328K, committed 85120K, reserved 1179648K
  class space    used 8533K, committed 9344K, reserved 1048576K
}
Event: 2292.786 GC heap before
{Heap before GC invocations=1933 (full 5):
 PSYoungGen      total 6656K, used 6642K [0x00000000d5580000, 0x00000000d6180000, 0x0000000100000000)
  eden space 5120K, 100% used [0x00000000d5580000,0x00000000d5a80000,0x00000000d5a80000)
  from space 1536K, 99% used [0x00000000d5b00000,0x00000000d5c7cab8,0x00000000d5c80000)
  to   space 3584K, 0% used [0x00000000d5e00000,0x00000000d5e00000,0x00000000d6180000)
 ParOldGen       total 731648K, used 170918K [0x0000000080000000, 0x00000000aca80000, 0x00000000d5580000)
  object space 731648K, 23% used [0x0000000080000000,0x000000008a6e99b8,0x00000000aca80000)
 Metaspace       used 83334K, committed 85120K, reserved 1179648K
  class space    used 8533K, committed 9344K, reserved 1048576K
}
Event: 2292.797 GC heap after
{Heap after GC invocations=1933 (full 5):
 PSYoungGen      total 7168K, used 1692K [0x00000000d5580000, 0x00000000d6000000, 0x0000000100000000)
  eden space 5120K, 0% used [0x00000000d5580000,0x00000000d5580000,0x00000000d5a80000)
  from space 2048K, 82% used [0x00000000d5e00000,0x00000000d5fa7340,0x00000000d6000000)
  to   space 2560K, 0% used [0x00000000d5b00000,0x00000000d5b00000,0x00000000d5d80000)
 ParOldGen       total 731648K, used 172409K [0x0000000080000000, 0x00000000aca80000, 0x00000000d5580000)
  object space 731648K, 23% used [0x0000000080000000,0x000000008a85e480,0x00000000aca80000)
 Metaspace       used 83334K, committed 85120K, reserved 1179648K
  class space    used 8533K, committed 9344K, reserved 1048576K
}
Event: 2293.131 GC heap before
{Heap before GC invocations=1934 (full 5):
 PSYoungGen      total 7168K, used 6812K [0x00000000d5580000, 0x00000000d6000000, 0x0000000100000000)
  eden space 5120K, 100% used [0x00000000d5580000,0x00000000d5a80000,0x00000000d5a80000)
  from space 2048K, 82% used [0x00000000d5e00000,0x00000000d5fa7340,0x00000000d6000000)
  to   space 2560K, 0% used [0x00000000d5b00000,0x00000000d5b00000,0x00000000d5d80000)
 ParOldGen       total 731648K, used 172409K [0x0000000080000000, 0x00000000aca80000, 0x00000000d5580000)
  object space 731648K, 23% used [0x0000000080000000,0x000000008a85e480,0x00000000aca80000)
 Metaspace       used 83345K, committed 85120K, reserved 1179648K
  class space    used 8533K, committed 9344K, reserved 1048576K
}
Event: 2293.137 GC heap after
{Heap after GC invocations=1934 (full 5):
 PSYoungGen      total 6144K, used 576K [0x00000000d5580000, 0x00000000d5e80000, 0x0000000100000000)
  eden space 5120K, 0% used [0x00000000d5580000,0x00000000d5580000,0x00000000d5a80000)
  from space 1024K, 56% used [0x00000000d5b00000,0x00000000d5b90000,0x00000000d5c00000)
  to   space 1536K, 0% used [0x00000000d5d00000,0x00000000d5d00000,0x00000000d5e80000)
 ParOldGen       total 731648K, used 173261K [0x0000000080000000, 0x00000000aca80000, 0x00000000d5580000)
  object space 731648K, 23% used [0x0000000080000000,0x000000008a933760,0x00000000aca80000)
 Metaspace       used 83345K, committed 85120K, reserved 1179648K
  class space    used 8533K, committed 9344K, reserved 1048576K
}
Event: 2293.878 GC heap before
{Heap before GC invocations=1935 (full 5):
 PSYoungGen      total 6144K, used 4829K [0x00000000d5580000, 0x00000000d5e80000, 0x0000000100000000)
  eden space 5120K, 83% used [0x00000000d5580000,0x00000000d59a76f8,0x00000000d5a80000)
  from space 1024K, 56% used [0x00000000d5b00000,0x00000000d5b90000,0x00000000d5c00000)
  to   space 1536K, 0% used [0x00000000d5d00000,0x00000000d5d00000,0x00000000d5e80000)
 ParOldGen       total 731648K, used 173261K [0x0000000080000000, 0x00000000aca80000, 0x00000000d5580000)
  object space 731648K, 23% used [0x0000000080000000,0x000000008a933760,0x00000000aca80000)
 Metaspace       used 83346K, committed 85120K, reserved 1179648K
  class space    used 8533K, committed 9344K, reserved 1048576K
}
Event: 2293.882 GC heap after
{Heap after GC invocations=1935 (full 5):
 PSYoungGen      total 5632K, used 224K [0x00000000d5580000, 0x00000000d5d80000, 0x0000000100000000)
  eden space 5120K, 0% used [0x00000000d5580000,0x00000000d5580000,0x00000000d5a80000)
  from space 512K, 43% used [0x00000000d5d00000,0x00000000d5d38000,0x00000000d5d80000)
  to   space 512K, 0% used [0x00000000d5c80000,0x00000000d5c80000,0x00000000d5d00000)
 ParOldGen       total 731648K, used 173757K [0x0000000080000000, 0x00000000aca80000, 0x00000000d5580000)
  object space 731648K, 23% used [0x0000000080000000,0x000000008a9af790,0x00000000aca80000)
 Metaspace       used 83346K, committed 85120K, reserved 1179648K
  class space    used 8533K, committed 9344K, reserved 1048576K
}
Event: 2294.271 GC heap before
{Heap before GC invocations=1936 (full 5):
 PSYoungGen      total 5632K, used 5344K [0x00000000d5580000, 0x00000000d5d80000, 0x0000000100000000)
  eden space 5120K, 100% used [0x00000000d5580000,0x00000000d5a80000,0x00000000d5a80000)
  from space 512K, 43% used [0x00000000d5d00000,0x00000000d5d38000,0x00000000d5d80000)
  to   space 512K, 0% used [0x00000000d5c80000,0x00000000d5c80000,0x00000000d5d00000)
 ParOldGen       total 731648K, used 173757K [0x0000000080000000, 0x00000000aca80000, 0x00000000d5580000)
  object space 731648K, 23% used [0x0000000080000000,0x000000008a9af790,0x00000000aca80000)
 Metaspace       used 83357K, committed 85120K, reserved 1179648K
  class space    used 8536K, committed 9344K, reserved 1048576K
}
Event: 2294.273 GC heap after
{Heap after GC invocations=1936 (full 5):
 PSYoungGen      total 5632K, used 333K [0x00000000d5580000, 0x00000000d5d80000, 0x0000000100000000)
  eden space 5120K, 0% used [0x00000000d5580000,0x00000000d5580000,0x00000000d5a80000)
  from space 512K, 65% used [0x00000000d5c80000,0x00000000d5cd3538,0x00000000d5d00000)
  to   space 512K, 0% used [0x00000000d5d00000,0x00000000d5d00000,0x00000000d5d80000)
 ParOldGen       total 731648K, used 173821K [0x0000000080000000, 0x00000000aca80000, 0x00000000d5580000)
  object space 731648K, 23% used [0x0000000080000000,0x000000008a9bf790,0x00000000aca80000)
 Metaspace       used 83357K, committed 85120K, reserved 1179648K
  class space    used 8536K, committed 9344K, reserved 1048576K
}
Event: 2294.400 GC heap before
{Heap before GC invocations=1937 (full 5):
 PSYoungGen      total 5632K, used 5453K [0x00000000d5580000, 0x00000000d5d80000, 0x0000000100000000)
  eden space 5120K, 100% used [0x00000000d5580000,0x00000000d5a80000,0x00000000d5a80000)
  from space 512K, 65% used [0x00000000d5c80000,0x00000000d5cd3538,0x00000000d5d00000)
  to   space 512K, 0% used [0x00000000d5d00000,0x00000000d5d00000,0x00000000d5d80000)
 ParOldGen       total 731648K, used 173821K [0x0000000080000000, 0x00000000aca80000, 0x00000000d5580000)
  object space 731648K, 23% used [0x0000000080000000,0x000000008a9bf790,0x00000000aca80000)
 Metaspace       used 83364K, committed 85120K, reserved 1179648K
  class space    used 8536K, committed 9344K, reserved 1048576K
}
Event: 2294.402 GC heap after
{Heap after GC invocations=1937 (full 5):
 PSYoungGen      total 5632K, used 192K [0x00000000d5580000, 0x00000000d5d80000, 0x0000000100000000)
  eden space 5120K, 0% used [0x00000000d5580000,0x00000000d5580000,0x00000000d5a80000)
  from space 512K, 37% used [0x00000000d5d00000,0x00000000d5d30000,0x00000000d5d80000)
  to   space 512K, 0% used [0x00000000d5c80000,0x00000000d5c80000,0x00000000d5d00000)
 ParOldGen       total 731648K, used 173995K [0x0000000080000000, 0x00000000aca80000, 0x00000000d5580000)
  object space 731648K, 23% used [0x0000000080000000,0x000000008a9eacc8,0x00000000aca80000)
 Metaspace       used 83364K, committed 85120K, reserved 1179648K
  class space    used 8536K, committed 9344K, reserved 1048576K
}
Event: 19492.112 GC heap before
{Heap before GC invocations=1938 (full 5):
 PSYoungGen      total 5632K, used 5312K [0x00000000d5580000, 0x00000000d5d80000, 0x0000000100000000)
  eden space 5120K, 100% used [0x00000000d5580000,0x00000000d5a80000,0x00000000d5a80000)
  from space 512K, 37% used [0x00000000d5d00000,0x00000000d5d30000,0x00000000d5d80000)
  to   space 512K, 0% used [0x00000000d5c80000,0x00000000d5c80000,0x00000000d5d00000)
 ParOldGen       total 731648K, used 173995K [0x0000000080000000, 0x00000000aca80000, 0x00000000d5580000)
  object space 731648K, 23% used [0x0000000080000000,0x000000008a9eacc8,0x00000000aca80000)
 Metaspace       used 83364K, committed 85120K, reserved 1179648K
  class space    used 8536K, committed 9344K, reserved 1048576K
}
Event: 19492.169 GC heap after
{Heap after GC invocations=1938 (full 5):
 PSYoungGen      total 5632K, used 256K [0x00000000d5580000, 0x00000000d5d80000, 0x0000000100000000)
  eden space 5120K, 0% used [0x00000000d5580000,0x00000000d5580000,0x00000000d5a80000)
  from space 512K, 50% used [0x00000000d5c80000,0x00000000d5cc0000,0x00000000d5d00000)
  to   space 512K, 0% used [0x00000000d5d00000,0x00000000d5d00000,0x00000000d5d80000)
 ParOldGen       total 731648K, used 174043K [0x0000000080000000, 0x00000000aca80000, 0x00000000d5580000)
  object space 731648K, 23% used [0x0000000080000000,0x000000008a9f6cc8,0x00000000aca80000)
 Metaspace       used 83364K, committed 85120K, reserved 1179648K
  class space    used 8536K, committed 9344K, reserved 1048576K
}
Event: 19493.005 GC heap before
{Heap before GC invocations=1939 (full 5):
 PSYoungGen      total 5632K, used 5376K [0x00000000d5580000, 0x00000000d5d80000, 0x0000000100000000)
  eden space 5120K, 100% used [0x00000000d5580000,0x00000000d5a80000,0x00000000d5a80000)
  from space 512K, 50% used [0x00000000d5c80000,0x00000000d5cc0000,0x00000000d5d00000)
  to   space 512K, 0% used [0x00000000d5d00000,0x00000000d5d00000,0x00000000d5d80000)
 ParOldGen       total 731648K, used 174043K [0x0000000080000000, 0x00000000aca80000, 0x00000000d5580000)
  object space 731648K, 23% used [0x0000000080000000,0x000000008a9f6cc8,0x00000000aca80000)
 Metaspace       used 83364K, committed 85120K, reserved 1179648K
  class space    used 8536K, committed 9344K, reserved 1048576K
}
Event: 19493.008 GC heap after
{Heap after GC invocations=1939 (full 5):
 PSYoungGen      total 5632K, used 96K [0x00000000d5580000, 0x00000000d5d80000, 0x0000000100000000)
  eden space 5120K, 0% used [0x00000000d5580000,0x00000000d5580000,0x00000000d5a80000)
  from space 512K, 18% used [0x00000000d5d00000,0x00000000d5d18000,0x00000000d5d80000)
  to   space 512K, 0% used [0x00000000d5c80000,0x00000000d5c80000,0x00000000d5d00000)
 ParOldGen       total 731648K, used 174123K [0x0000000080000000, 0x00000000aca80000, 0x00000000d5580000)
  object space 731648K, 23% used [0x0000000080000000,0x000000008aa0acc8,0x00000000aca80000)
 Metaspace       used 83364K, committed 85120K, reserved 1179648K
  class space    used 8536K, committed 9344K, reserved 1048576K
}

